============================================================
STELLAR-CONSTRAINED GA DETECTION
Star: Kepler-4 | Run #1
Transit Model: batman
============================================================

Using hardcoded literature period...
  Literature period: 3.21344700 days

Using period: 3.213447 days

============================================================
GA OPTIMIZATION
============================================================
Gen 1: Fitness=1.78e-02, P=3.213447d, Rp/Rs=0.0362 (depth=0.1307%), impact=0.913, dur=1.73hr
  u1=0.3599 (fixed), u2=0.2904 (Claret: 0.2615)
  CIRCULAR: ecc=0.0000, omega=0.0° | Pop: 228 circular, 72 eccentric
  Top 10 Rp/Rs range: [0.0296, 0.0800], impact range: [0.229, 0.943]
Gen 21: Fitness=8.65e-04, P=3.213447d, Rp/Rs=0.0372 (depth=0.1386%), impact=0.950, dur=1.32hr
  u1=0.3599 (fixed), u2=0.3138 (Claret: 0.2615)
  CIRCULAR: ecc=0.0000, omega=0.0° | Pop: 209 circular, 91 eccentric
  Top 10 Rp/Rs range: [0.0372, 0.0372], impact range: [0.950, 0.950]
Gen 41: Fitness=4.04e-04, P=3.213447d, Rp/Rs=0.0370 (depth=0.1368%), impact=0.950, dur=1.32hr
  u1=0.3599 (fixed), u2=0.2934 (Claret: 0.2615)
  CIRCULAR: ecc=0.0000, omega=0.0° | Pop: 217 circular, 83 eccentric
  Top 10 Rp/Rs range: [0.0370, 0.0372], impact range: [0.950, 0.950]
Gen 61: Fitness=3.45e-04, P=3.213447d, Rp/Rs=0.0370 (depth=0.1368%), impact=0.950, dur=1.32hr
  u1=0.3599 (fixed), u2=0.2934 (Claret: 0.2615)
  CIRCULAR: ecc=0.0000, omega=0.0° | Pop: 208 circular, 92 eccentric
  Top 10 Rp/Rs range: [0.0370, 0.0370], impact range: [0.950, 0.950]
Gen 81: Fitness=9.96e-05, P=3.213447d, Rp/Rs=0.0370 (depth=0.1372%), impact=0.950, dur=1.32hr
  u1=0.3599 (fixed), u2=0.2980 (Claret: 0.2615)
  CIRCULAR: ecc=0.0000, omega=0.0° | Pop: 217 circular, 83 eccentric
  Top 10 Rp/Rs range: [0.0370, 0.0371], impact range: [0.950, 0.950]
