============================================================
STELLAR-CONSTRAINED GA DETECTION
Star: Kepler-1658 | Run #6
Transit Model: batman
============================================================

Using hardcoded literature period...
  Literature period: 3.84937150 days

Using period: 3.8493715 days

============================================================
GA OPTIMIZATION
============================================================
*** u2 FIXED at theoretical value: 0.2614 ***

Gen 1: Fitness=5.55e-01, P=3.849372d, Rp/Rs=0.0339 (depth=0.1150%), impact=0.939, dur=3.76hr
  u1=0.3600 (fixed), u2=0.2614 (Claret: 0.2614)
  Top 10 Rp/Rs range: [0.0200, 0.0339], impact range: [0.077, 0.939]
Gen 21: Fitness=5.54e-01, P=3.849372d, Rp/Rs=0.0342 (depth=0.1170%), impact=0.950, dur=3.43hr
  u1=0.3600 (fixed), u2=0.2614 (Claret: 0.2614)
  Top 10 Rp/Rs range: [0.0341, 0.0364], impact range: [0.950, 0.950]
Gen 41: Fitness=5.54e-01, P=3.849372d, Rp/Rs=0.0355 (depth=0.1263%), impact=0.950, dur=3.43hr
  u1=0.3600 (fixed), u2=0.2614 (Claret: 0.2614)
  Top 10 Rp/Rs range: [0.0355, 0.0369], impact range: [0.950, 0.950]
Gen 61: Fitness=5.54e-01, P=3.849372d, Rp/Rs=0.0355 (depth=0.1258%), impact=0.950, dur=3.43hr
  u1=0.3600 (fixed), u2=0.2614 (Claret: 0.2614)
  Top 10 Rp/Rs range: [0.0353, 0.0356], impact range: [0.950, 0.950]
Gen 81: Fitness=5.54e-01, P=3.849372d, Rp/Rs=0.0355 (depth=0.1259%), impact=0.950, dur=3.43hr
  u1=0.3600 (fixed), u2=0.2614 (Claret: 0.2614)
  Top 10 Rp/Rs range: [0.0355, 0.0355], impact range: [0.950, 0.950]
Gen 100: Fitness=5.54e-01, P=3.849372d, Rp/Rs=0.0355 (depth=0.1259%), impact=0.950, dur=3.43hr
  u1=0.3600 (fixed), u2=0.2614 (Claret: 0.2614)
  Top 10 Rp/Rs range: [0.0355, 0.0355], impact range: [0.950, 0.950]

============================================================
FINAL RESULT
============================================================
Period:    3.849372 days
T0:        2421.144 BJD-2454833
Rp/Rs:     0.0355
Depth:     0.1259% (1259 ppm)
Impact:    0.950
Duration:  3.43 hours (from stellar params)
u1:        0.3600 (FIXED from Claret)
u2:        0.2614 (Claret: 0.2614)
============================================================

Plot saved: runs\Kepler_1658_batman_6\results.png

Results saved to: runs\Kepler_1658_batman_6
  - Plot: runs\Kepler_1658_batman_6\results.png
  - Log: runs\Kepler_1658_batman_6\output.log
