============================================================
STELLAR-CONSTRAINED GA DETECTION
Star: CoRoT-1 | Run #2
Transit Model: batman
============================================================

Using hardcoded literature period...
  Literature period: 2.20473500 days

Using period: 2.204735 days

============================================================
GA OPTIMIZATION
============================================================
Gen 1: Fitness=3.87e+00, P=2.204735d, Rp/Rs=0.0404 (depth=0.1633%), impact=0.373, dur=2.63hr
  u1=0.3035 (fixed), u2=0.3376 (Claret: 0.2821)
  Top 10 Rp/Rs range: [0.0260, 0.0455], impact range: [0.265, 0.804]
Gen 21: Fitness=3.87e+00, P=2.204735d, Rp/Rs=0.0470 (depth=0.2204%), impact=0.694, dur=2.04hr
  u1=0.3035 (fixed), u2=0.3373 (Claret: 0.2821)
  Top 10 Rp/Rs range: [0.0375, 0.0532], impact range: [0.548, 0.694]
Gen 41: Fitness=3.87e+00, P=2.204735d, Rp/Rs=0.0470 (depth=0.2204%), impact=0.680, dur=2.08hr
  u1=0.3035 (fixed), u2=0.3385 (Claret: 0.2821)
  Top 10 Rp/Rs range: [0.0358, 0.0471], impact range: [0.497, 0.764]
Gen 61: Fitness=3.87e+00, P=2.204735d, Rp/Rs=0.0470 (depth=0.2204%), impact=0.680, dur=2.08hr
  u1=0.3035 (fixed), u2=0.3385 (Claret: 0.2821)
  Top 10 Rp/Rs range: [0.0470, 0.0470], impact range: [0.680, 0.680]
Gen 81: Fitness=3.87e+00, P=2.204735d, Rp/Rs=0.0474 (depth=0.2249%), impact=0.690, dur=2.05hr
  u1=0.3035 (fixed), u2=0.3383 (Claret: 0.2821)
  Top 10 Rp/Rs range: [0.0471, 0.0474], impact range: [0.681, 0.697]
Gen 100: Fitness=3.87e+00, P=2.204735d, Rp/Rs=0.0472 (depth=0.2227%), impact=0.688, dur=2.05hr
  u1=0.3035 (fixed), u2=0.3385 (Claret: 0.2821)
  Top 10 Rp/Rs range: [0.0472, 0.0472], impact range: [0.688, 0.688]

============================================================
FINAL RESULT
============================================================
Period:    2.204735 days
T0:        1469.176 BJD-2454833
Rp/Rs:     0.0472
Depth:     0.2227% (2227 ppm)
Impact:    0.688
Duration:  2.05 hours (from stellar params)
u1:        0.3035 (FIXED from Claret)
u2:        0.3385 (Claret: 0.2821)
============================================================

Plot saved: runs\CoRoT_1_batman_2\results.png

Results saved to: runs\CoRoT_1_batman_2
  - Plot: runs\CoRoT_1_batman_2\results.png
  - Log: runs\CoRoT_1_batman_2\output.log
