============================================================
STELLAR-CONSTRAINED GA DETECTION
Star: HAT-P-7 | Run #1
============================================================

Using hardcoded literature period...
  Literature period: 2.204735 days

Using period: 2.204735 days

============================================================
GA OPTIMIZATION
============================================================
Gen 1: Fitness=1.80e-02, P=2.204735d, Rp/Rs=0.0733 (depth=0.5366%), impact=0.070, dur=4.30hr
  Top 10 Rp/Rs range: [0.0236, 0.0992], impact range: [0.021, 0.899]
Gen 21: Fitness=1.19e-02, P=2.204735d, Rp/Rs=0.0782 (depth=0.6123%), impact=0.411, dur=3.92hr
  Top 10 Rp/Rs range: [0.0710, 0.0863], impact range: [0.070, 0.411]
Gen 41: Fitness=2.77e-03, P=2.204735d, Rp/Rs=0.0775 (depth=0.6004%), impact=0.526, dur=3.65hr
  Top 10 Rp/Rs range: [0.0705, 0.1203], impact range: [0.296, 0.887]

*** CONVERGED at generation 47 ***
    Fitness change over last 20 gens: 0.00e+00
    (threshold: 1.00e-08)

============================================================
FINAL RESULT
============================================================
Period:    2.204735 days
T0:        121.360 BJD-2454833
Rp/Rs:     0.0775
Depth:     0.6004% (6004 ppm)
Impact:    0.526
Duration:  3.65 hours (from stellar params)
============================================================

Known HAT-P-7b:
Period:   2.205 days
Rp/Rs:    ~0.078
Depth:    0.54% (5400 ppm)
Impact:   0.47
Duration: 3.7 hours
============================================================

Plot saved: runs\HAT_P_7_1\results.png

Results saved to: runs\HAT_P_7_1
  - Plot: runs\HAT_P_7_1\results.png
  - Log: runs\HAT_P_7_1\output.log
